0 info it worked if it ends with ok
1 verbose cli [ 'C:\\Program Files (x86)\\Nodist\\v-x64\\6.11.5\\node.exe',
1 verbose cli   'C:\\Program Files (x86)\\Nodist\\npmv\\4.0.5\\bin\\npm-cli.js',
1 verbose cli   'start' ]
2 info using npm@4.0.5
3 info using node@v6.11.5
4 verbose run-script [ 'prestart', 'start', 'poststart' ]
5 info lifecycle testapp@0.0.0~prestart: testapp@0.0.0
6 warn lifecycle The node binary used for scripts is C:\Program Files (x86)\Nodist\bin\node.exe but npm is using C:\Program Files (x86)\Nodist\v-x64\6.11.5\node.exe itself. Use the `--scripts-prepend-node-path` option to include the path for the node binary npm was executed with.
7 silly lifecycle testapp@0.0.0~prestart: no script for prestart, continuing
8 info lifecycle testapp@0.0.0~start: testapp@0.0.0
9 verbose lifecycle testapp@0.0.0~start: unsafe-perm in lifecycle true
10 verbose lifecycle testapp@0.0.0~start: PATH: C:\Program Files (x86)\Nodist\npmv\4.0.5\bin\node-gyp-bin;D:\RinRin\TestAPP\node_modules\.bin;C:\WINDOWS\system32;C:\WINDOWS;C:\WINDOWS\System32\Wbem;C:\WINDOWS\System32\WindowsPowerShell\v1.0\;C:\Program Files (x86)\GtkSharp\2.12\bin;C:\Program Files (x86)\Windows Live\Shared;C:\WINDOWS\System32\OpenSSH\;C:\Program Files (x86)\Nodist\bin;C:\Program Files\nodejs\;C:\Program Files\Git\cmd;C:\Users\MIRA\AppData\Local\Programs\Python\Python36\Scripts\;C:\Users\MIRA\AppData\Local\Programs\Python\Python36\;C:\Users\MIRA\AppData\Local\Microsoft\WindowsApps;C:\Users\MIRA\AppData\Roaming\npm;C:\Program Files (x86)\sox-14-4-2;C:\Users\MIRA\AppData\Local\Programs\Microsoft VS Code\bin;C:\Users\MIRA\Desktop\WebChatt\Test2\node_modules\semver;C:\Users\MIRA\AppData\Local\Google\Cloud SDK\google-cloud-sdk\bin;C:\Program Files\heroku\bin;
11 verbose lifecycle testapp@0.0.0~start: CWD: D:\RinRin\TestAPP
12 silly lifecycle testapp@0.0.0~start: Args: [ '/d /s /c', 'node ./bin/www' ]
13 verbose stack Error: kill ENOSYS
13 verbose stack     at Object.exports._errnoException (util.js:1020:11)
13 verbose stack     at process.kill (internal/process.js:191:18)
13 verbose stack     at process.listener (C:\Program Files (x86)\Nodist\npmv\4.0.5\node_modules\npmlog\node_modules\gauge\node_modules\signal-exit\index.js:86:15)
13 verbose stack     at emitNone (events.js:91:20)
13 verbose stack     at process.emit (events.js:185:7)
13 verbose stack     at processEmit (C:\Program Files (x86)\Nodist\npmv\4.0.5\node_modules\npmlog\node_modules\gauge\node_modules\signal-exit\index.js:146:32)
13 verbose stack     at processEmit (C:\Program Files (x86)\Nodist\npmv\4.0.5\node_modules\npm-registry-client\node_modules\npmlog\node_modules\gauge\node_modules\signal-exit\index.js:146:32)
13 verbose stack     at Signal.wrap.onsignal (internal/process.js:217:44)
14 verbose cwd D:\RinRin\TestAPP
15 error Windows_NT 10.0.17763
16 error argv "C:\\Program Files (x86)\\Nodist\\v-x64\\6.11.5\\node.exe" "C:\\Program Files (x86)\\Nodist\\npmv\\4.0.5\\bin\\npm-cli.js" "start"
17 error node v6.11.5
18 error npm  v4.0.5
19 error code ENOSYS
20 error errno ENOSYS
21 error syscall kill
22 error kill ENOSYS
23 error If you need help, you may report this error at:
23 error     <https://github.com/npm/npm/issues>
24 verbose exit [ 1, true ]
